E:\PROJECTS\TEMP\CPPMANAGED\DEBUG\APP.RES
E:\PROJECTS\TEMP\CPPMANAGED\DEBUG\ASSEMBLYINFO.OBJ
E:\Projects\temp\CPPManaged\Debug\cl.command.1.tlog
E:\Projects\temp\CPPManaged\Debug\CL.read.1.tlog
E:\Projects\temp\CPPManaged\Debug\CL.write.1.tlog
E:\PROJECTS\TEMP\CPPMANAGED\DEBUG\CPPMANAGED.EXE
E:\PROJECTS\TEMP\CPPMANAGED\DEBUG\CPPMANAGED.EXE.INTERMEDIATE.MANIFEST
E:\Projects\temp\CPPManaged\Debug\CPPManaged.Form1.resources
E:\PROJECTS\TEMP\CPPMANAGED\DEBUG\CPPMANAGED.ILK
E:\PROJECTS\TEMP\CPPMANAGED\DEBUG\CPPMANAGED.OBJ
E:\PROJECTS\TEMP\CPPMANAGED\DEBUG\CPPMANAGED.PCH
E:\PROJECTS\TEMP\CPPMANAGED\DEBUG\CPPMANAGED.PDB
E:\Projects\temp\CPPManaged\Debug\CPPManaged.vcxproj.GenerateResource.Cache
E:\Projects\temp\CPPManaged\Debug\CPPManaged.write.1.tlog
E:\Projects\temp\CPPManaged\Debug\link.14204.read.1.tlog
E:\Projects\temp\CPPManaged\Debug\link.14204.write.1.tlog
E:\Projects\temp\CPPManaged\Debug\link.14204-cvtres.read.1.tlog
E:\Projects\temp\CPPManaged\Debug\link.14204-cvtres.write.1.tlog
E:\Projects\temp\CPPManaged\Debug\link.command.1.tlog
E:\Projects\temp\CPPManaged\Debug\link.read.1.tlog
E:\Projects\temp\CPPManaged\Debug\link.write.1.tlog
E:\Projects\temp\CPPManaged\Debug\mt.command.1.tlog
E:\Projects\temp\CPPManaged\Debug\mt.read.1.tlog
E:\Projects\temp\CPPManaged\Debug\mt.write.1.tlog
E:\Projects\temp\CPPManaged\Debug\rc.command.1.tlog
E:\Projects\temp\CPPManaged\Debug\rc.read.1.tlog
E:\Projects\temp\CPPManaged\Debug\rc.write.1.tlog
E:\PROJECTS\TEMP\CPPMANAGED\DEBUG\STDAFX.OBJ
E:\PROJECTS\TEMP\CPPMANAGED\DEBUG\VC100.PDB
